<?xml version="1.0" encoding="UTF-8"?>
<!-- Generated by org.testng.reporters.JUnitReportReporter -->
<testsuite hostname="NIS1592-pc" name="com.albee.testpage.Test_login" tests="1" failures="0" timestamp="29 Mar 2016 00:04:02 GMT" time="19.644" errors="0">
  <testcase name="Login" time="19.644" classname="com.albee.testpage.Test_login"/>
</testsuite> <!-- com.albee.testpage.Test_login -->
